1661853163643	geckodriver	INFO	Listening on 127.0.0.1:50675
1661853166903	mozrunner::runner	INFO	Running command: "C:\\Program Files\\Mozilla Firefox\\firefox.exe" "--marionette" "--remote-debugging-port" "50676" "--remote-allow-hosts" "localhost" "-no-remote" "-profile" "C:\\Users\\marcis\\AppData\\Local\\Temp\\rust_mozprofilecC3ueg"
1661853167455	Marionette	INFO	Marionette enabled
1661853167463	Marionette	INFO	Listening on port 50685
Read port: 50685
WebDriver BiDi listening on ws://localhost:50676
1661853167679	RemoteAgent	WARN	TLS certificate errors will be ignored for this session
console.warn: SearchSettings: "get: No settings file exists, new profile?" (new NotFoundError("Could not open the file at C:\\Users\\marcis\\AppData\\Local\\Temp\\rust_mozprofilecC3ueg\\search.json.mozlz4", (void 0)))
DevTools listening on ws://localhost:50676/devtools/browser/a6ed7dbb-4d33-400c-89e5-1df37eaeb589
JavaScript warning: https://studio.moises.ai/_next/static/chunks/pages/_app-9bb306663ef12e3984b0.js, line 1: unreachable code after return statement
JavaScript warning: https://studio.moises.ai/_next/static/chunks/pages/_app-9bb306663ef12e3984b0.js, line 1: unreachable code after return statement
JavaScript warning: https://studio.moises.ai/_next/static/chunks/pages/_app-9bb306663ef12e3984b0.js, line 1: unreachable code after return statement
console.warn: LoginRecipes: "Falling back to a synchronous message for: https://studio.moises.ai."
JavaScript error: resource://gre/modules/AsyncShutdown.jsm, line 576: NotFoundError: No such JSWindowActor 'DevToolsFrame'
JavaScript error: resource://gre/modules/AsyncShutdown.jsm, line 576: NotFoundError: No such JSWindowActor 'DevToolsFrame'
JavaScript error: resource://gre/modules/AsyncShutdown.jsm, line 576: NotFoundError: No such JSWindowActor 'DevToolsFrame'
JavaScript error: resource://gre/modules/AsyncShutdown.jsm, line 576: NotFoundError: No such JSWindowActor 'DevToolsFrame'
JavaScript error: resource://gre/modules/AsyncShutdown.jsm, line 576: NotFoundError: No such JSWindowActor 'DevToolsFrame'
1661853431800	Marionette	INFO	Stopped listening on port 50685
1661853433483	geckodriver	INFO	Listening on 127.0.0.1:50771
1661853436875	mozrunner::runner	INFO	Running command: "C:\\Program Files\\Mozilla Firefox\\firefox.exe" "--marionette" "--remote-debugging-port" "50772" "--remote-allow-hosts" "localhost" "-no-remote" "-profile" "C:\\Users\\marcis\\AppData\\Local\\Temp\\rust_mozprofileIcNT0r"
1661853437403	Marionette	INFO	Marionette enabled
1661853437411	Marionette	INFO	Listening on port 50781
WebDriver BiDi listening on ws://localhost:50772
Read port: 50781
1661853437600	RemoteAgent	WARN	TLS certificate errors will be ignored for this session
console.warn: SearchSettings: "get: No settings file exists, new profile?" (new NotFoundError("Could not open the file at C:\\Users\\marcis\\AppData\\Local\\Temp\\rust_mozprofileIcNT0r\\search.json.mozlz4", (void 0)))
DevTools listening on ws://localhost:50772/devtools/browser/4853daa0-7308-49b2-a86d-09d8bfe708d8
JavaScript warning: https://studio.moises.ai/_next/static/chunks/pages/_app-9bb306663ef12e3984b0.js, line 1: unreachable code after return statement
JavaScript warning: https://studio.moises.ai/_next/static/chunks/pages/_app-9bb306663ef12e3984b0.js, line 1: unreachable code after return statement
JavaScript warning: https://studio.moises.ai/_next/static/chunks/pages/_app-9bb306663ef12e3984b0.js, line 1: unreachable code after return statement
1661853470079	Marionette	INFO	Stopped listening on port 50781661853472212	mozrunner::runner	INFO	Running command: "C:\\Program Files\\Mozilla Firefox\\firefox.exe" "--marionette" "--remote-debugging-port" "50840" "--remote-allow-hosts" "localhost" "-no-remote" "-profile" "C:\\Users\\marcis\\AppData\\Local\\Temp\\rust_mozprofileoCcplg"
1661853472629	Marionette	INFO	Marionette enabled
1661853472636	Marionette	INFO	Listening on port 50849
WebDriver BiDi listening on ws://localhost:50840
Read port: 50849
1661853472806	RemoteAgent	WARN	TLS certificate errors will be ignored for this session
console.warn: SearchSettings: "get: No settings file exists, new profile?" (new NotFoundError("Could not open the file at C:\\Users\\marcis\\AppData\\Local\\Temp\\rust_mozprofileoCcplg\\search.json.mozlz4", (void 0)))
DevTools listening on ws://localhost:50840/devtools/browser/49e23f00-681c-4602-9d33-735578ae962d
JavaScript warning: https://studio.moises.ai/_next/static/chunks/pages/_app-9bb306663ef12e3984b0.js, line 1: unreachable code after return statement
JavaScript warning: https://studio.moises.ai/_next/static/chunks/pages/_app-9bb306663ef12e3984b0.js, line 1: unreachable code after return statement
JavaScript warning: https://studio.moises.ai/_next/static/chunks/pages/_app-9bb306663ef12e3984b0.js, line 1: unreachable code after return statement
console.warn: LoginRecipes: "Falling back to a synchronous message for: https://studio.moises.ai."
console.warn: LoginRecipes: "Falling back to a synchronous message for: https://studio.moises.ai."
console.warn: LoginRecipes: "Falling back to a synchronous message for: https://studio.moises.ai."
1661853491759	Marionette	INFO	Stopped listening on port 50849
console.warn: TopSitesFeed: Failed to fetch data from Contile server: NetworkError when attempting to fetch resource.
!!! error running onStopped callback: TypeError: callback is not a function
1661853500064	geckodriver	INFO	Listening on 127.0.0.1:50919
1661853503236	mozrunner::runner	INFO	Running command: "C:\\Program Files\\Mozilla Firefox\\firefox.exe" "--marionette" "--remote-debugging-port" "50920" "--remote-allow-hosts" "localhost" "-no-remote" "-profile" "C:\\Users\\marcis\\AppData\\Local\\Temp\\rust_mozprofilehyrYzi"
1661853503658	Marionette	INFO	Marionette enabled
1661853503664	Marionette	INFO	Listening on port 50929
WebDriver BiDi listening on ws://localhost:50920
Read port: 50929
1661853503834	RemoteAgent	WARN	TLS certificate errors will be ignored for this session
console.warn: SearchSettings: "get: No settings file exists, new profile?" (new NotFoundError("Could not open the file at C:\\Users\\marcis\\AppData\\Local\\Temp\\rust_mozprofilehyrYzi\\search.json.mozlz4", (void 0)))
DevTools listening on ws://localhost:50920/devtools/browser/ca39a4b0-c6cf-4df1-9ae4-c9054523194e
JavaScript warning: https://studio.moises.ai/_next/static/chunks/pages/_app-9bb306663ef12e3984b0.js, line 1: unreachable code after return statement
JavaScript warning: https://studio.moises.ai/_next/static/chunks/pages/_app-9bb306663ef12e3984b0.js, line 1: unreachable code after return statement
JavaScript warning: https://studio.moises.ai/_next/static/chunks/pages/_app-9bb306663ef12e3984b0.js, line 1: unreachable code after return statement
console.warn: LoginRecipes: "Falling back to a synchronous message for: https://studio.moises.ai."
console.warn: LoginRecipes: "Falling back to a synchronous message for: https://studio.moises.ai."
console.warn: LoginRecipes: "Falling back to a synchronous message for: https://studio.moises.ai."
console.error: (new TypeError("parent is null", "resource://devtools/client/inspector/shared/style-change-tracker.js", 67))
TypeError: parent is null: canMutationImpactCurrentStyles@resource://devtools/client/inspector/shared/style-change-tracker.js:67:24
onMutations@resource://devtools/client/inspector/shared/style-change-tracker.js:84:41
_emit@resource://devtools/shared/event-emitter.js:242:32
emit@resource://devtools/shared/event-emitter.js:186:18
emit@resource://devtools/shared/event-emitter.js:330:18
getMutations@resource://devtools/client/fronts/walker.js:312:10

JavaScript error: resource://gre/modules/PromiseWorker.jsm, line 108: Error: Could not get children of file(C:\Users\marcis\AppData\Local\Temp\rust_mozprofilehyrYzi\thumbnails) because it does not exist
JavaScript error: resource://gre/modules/AsyncShutdown.jsm, line 576: NotFoundError: No such JSWindowActor 'DevToolsFrame'
JavaScript error: resource://gre/modules/AsyncShutdown.jsm, line 576: NotFoundError: No such JSWindowActor 'DevToolsFrame'
JavaScript error: resource://gre/modules/AsyncShutdown.jsm, line 576: NotFoundError: No such JSWindowActor 'DevToolsFrame'
JavaScript error: resource://gre/modules/AsyncShutdown.jsm, line 576: NotFoundError: No such JSWindowActor 'DevToolsFrame'
JavaScript error: resource://gre/modules/AsyncShutdown.jsm, line 576: NotFoundError: No such JSWindowActor 'DevToolsFrame'
1661863028439	Marionette	INFO	Stopped listening on port 50929
